<?xml version="1.0" encoding="UTF-8"?>
<coverage generated="1688541245197" clover="3.2.0">
  <project timestamp="1688541245197" name="All files">
    <metrics statements="41" coveredstatements="20" conditionals="28" coveredconditionals="10" methods="11" coveredmethods="4" elements="80" coveredelements="34" complexity="0" loc="41" ncloc="41" packages="1" files="1" classes="1"/>
    <file name="Countdown.jsx" path="C:\Users\jacques.fils.manock\projects\countdown\countdown\src\Countdown.jsx">
      <metrics statements="41" coveredstatements="20" conditionals="28" coveredconditionals="10" methods="11" coveredmethods="4"/>
      <line num="13" count="1" type="stmt"/>
      <line num="14" count="3" type="stmt"/>
      <line num="20" count="3" type="stmt"/>
      <line num="21" count="3" type="stmt"/>
      <line num="22" count="3" type="stmt"/>
      <line num="23" count="3" type="stmt"/>
      <line num="25" count="3" type="stmt"/>
      <line num="26" count="3" type="stmt"/>
      <line num="27" count="0" type="stmt"/>
      <line num="28" count="0" type="stmt"/>
      <line num="31" count="0" type="cond" truecount="0" falsecount="2"/>
      <line num="32" count="0" type="stmt"/>
      <line num="33" count="0" type="stmt"/>
      <line num="34" count="0" type="stmt"/>
      <line num="35" count="0" type="stmt"/>
      <line num="37" count="0" type="stmt"/>
      <line num="40" count="0" type="stmt"/>
      <line num="42" count="0" type="cond" truecount="0" falsecount="2"/>
      <line num="43" count="0" type="stmt"/>
      <line num="44" count="0" type="stmt"/>
      <line num="48" count="3" type="stmt"/>
      <line num="49" count="3" type="stmt"/>
      <line num="53" count="3" type="stmt"/>
      <line num="54" count="0" type="stmt"/>
      <line num="55" count="0" type="stmt"/>
      <line num="58" count="3" type="stmt"/>
      <line num="59" count="0" type="stmt"/>
      <line num="62" count="3" type="stmt"/>
      <line num="63" count="0" type="stmt"/>
      <line num="66" count="3" type="stmt"/>
      <line num="67" count="0" type="stmt"/>
      <line num="68" count="0" type="stmt"/>
      <line num="71" count="3" type="stmt"/>
      <line num="72" count="0" type="cond" truecount="0" falsecount="2"/>
      <line num="75" count="3" type="stmt"/>
      <line num="76" count="3" type="cond" truecount="2" falsecount="4"/>
      <line num="77" count="0" type="stmt"/>
      <line num="85" count="3" type="stmt"/>
      <line num="87" count="3" type="stmt"/>
      <line num="119" count="0" type="stmt"/>
      <line num="139" count="3" type="stmt"/>
    </file>
  </project>
</coverage>
