{"C:\\Users\\jacques.fils.manock\\projects\\countdown\\countdown\\src\\Countdown.jsx": {"path":"C:\\Users\\jacques.fils.manock\\projects\\countdown\\countdown\\src\\Countdown.jsx","statementMap":{"0":{"start":{"line":13,"column":18},"end":{"line":144,"column":1}},"1":{"start":{"line":14,"column":46},"end":{"line":19,"column":6}},"2":{"start":{"line":20,"column":40},"end":{"line":20,"column":99}},"3":{"start":{"line":21,"column":38},"end":{"line":21,"column":53}},"4":{"start":{"line":22,"column":34},"end":{"line":22,"column":61}},"5":{"start":{"line":23,"column":18},"end":{"line":23,"column":67}},"6":{"start":{"line":25,"column":4},"end":{"line":51,"column":21}},"7":{"start":{"line":26,"column":25},"end":{"line":46,"column":16}},"8":{"start":{"line":27,"column":24},"end":{"line":27,"column":44}},"9":{"start":{"line":28,"column":29},"end":{"line":28,"column":45}},"10":{"start":{"line":31,"column":12},"end":{"line":38,"column":13}},"11":{"start":{"line":32,"column":16},"end":{"line":32,"column":68}},"12":{"start":{"line":33,"column":16},"end":{"line":33,"column":90}},"13":{"start":{"line":34,"column":16},"end":{"line":34,"column":82}},"14":{"start":{"line":35,"column":16},"end":{"line":35,"column":70}},"15":{"start":{"line":37,"column":16},"end":{"line":37,"column":53}},"16":{"start":{"line":40,"column":12},"end":{"line":40,"column":64}},"17":{"start":{"line":42,"column":12},"end":{"line":45,"column":13}},"18":{"start":{"line":43,"column":16},"end":{"line":43,"column":40}},"19":{"start":{"line":44,"column":16},"end":{"line":44,"column":80}},"20":{"start":{"line":48,"column":8},"end":{"line":50,"column":10}},"21":{"start":{"line":49,"column":12},"end":{"line":49,"column":36}},"22":{"start":{"line":53,"column":28},"end":{"line":56,"column":5}},"23":{"start":{"line":54,"column":8},"end":{"line":54,"column":31}},"24":{"start":{"line":55,"column":8},"end":{"line":55,"column":27}},"25":{"start":{"line":58,"column":29},"end":{"line":60,"column":5}},"26":{"start":{"line":59,"column":8},"end":{"line":59,"column":28}},"27":{"start":{"line":62,"column":29},"end":{"line":64,"column":5}},"28":{"start":{"line":63,"column":8},"end":{"line":63,"column":38}},"29":{"start":{"line":66,"column":27},"end":{"line":69,"column":5}},"30":{"start":{"line":67,"column":8},"end":{"line":67,"column":31}},"31":{"start":{"line":68,"column":8},"end":{"line":68,"column":27}},"32":{"start":{"line":71,"column":26},"end":{"line":73,"column":5}},"33":{"start":{"line":72,"column":8},"end":{"line":72,"column":48}},"34":{"start":{"line":75,"column":28},"end":{"line":137,"column":5}},"35":{"start":{"line":76,"column":8},"end":{"line":83,"column":9}},"36":{"start":{"line":77,"column":12},"end":{"line":81,"column":13}},"37":{"start":{"line":85,"column":50},"end":{"line":85,"column":63}},"38":{"start":{"line":87,"column":8},"end":{"line":136,"column":10}},"39":{"start":{"line":119,"column":56},"end":{"line":119,"column":89}},"40":{"start":{"line":139,"column":4},"end":{"line":143,"column":6}}},"fnMap":{"0":{"name":"(anonymous_0)","decl":{"start":{"line":13,"column":18},"end":{"line":13,"column":19}},"loc":{"start":{"line":13,"column":24},"end":{"line":144,"column":1}},"line":13},"1":{"name":"(anonymous_1)","decl":{"start":{"line":25,"column":14},"end":{"line":25,"column":15}},"loc":{"start":{"line":25,"column":20},"end":{"line":51,"column":5}},"line":25},"2":{"name":"(anonymous_2)","decl":{"start":{"line":26,"column":37},"end":{"line":26,"column":38}},"loc":{"start":{"line":26,"column":43},"end":{"line":46,"column":9}},"line":26},"3":{"name":"(anonymous_3)","decl":{"start":{"line":48,"column":15},"end":{"line":48,"column":16}},"loc":{"start":{"line":48,"column":21},"end":{"line":50,"column":9}},"line":48},"4":{"name":"(anonymous_4)","decl":{"start":{"line":53,"column":28},"end":{"line":53,"column":29}},"loc":{"start":{"line":53,"column":34},"end":{"line":56,"column":5}},"line":53},"5":{"name":"(anonymous_5)","decl":{"start":{"line":58,"column":29},"end":{"line":58,"column":30}},"loc":{"start":{"line":58,"column":35},"end":{"line":60,"column":5}},"line":58},"6":{"name":"(anonymous_6)","decl":{"start":{"line":62,"column":29},"end":{"line":62,"column":30}},"loc":{"start":{"line":62,"column":42},"end":{"line":64,"column":5}},"line":62},"7":{"name":"(anonymous_7)","decl":{"start":{"line":66,"column":27},"end":{"line":66,"column":28}},"loc":{"start":{"line":66,"column":33},"end":{"line":69,"column":5}},"line":66},"8":{"name":"(anonymous_8)","decl":{"start":{"line":71,"column":26},"end":{"line":71,"column":27}},"loc":{"start":{"line":71,"column":37},"end":{"line":73,"column":5}},"line":71},"9":{"name":"(anonymous_9)","decl":{"start":{"line":75,"column":28},"end":{"line":75,"column":29}},"loc":{"start":{"line":75,"column":34},"end":{"line":137,"column":5}},"line":75},"10":{"name":"(anonymous_10)","decl":{"start":{"line":119,"column":42},"end":{"line":119,"column":43}},"loc":{"start":{"line":119,"column":56},"end":{"line":119,"column":89}},"line":119}},"branchMap":{"0":{"loc":{"start":{"line":31,"column":12},"end":{"line":38,"column":13}},"type":"if","locations":[{"start":{"line":31,"column":12},"end":{"line":38,"column":13}},{"start":{"line":36,"column":19},"end":{"line":38,"column":13}}],"line":31},"1":{"loc":{"start":{"line":42,"column":12},"end":{"line":45,"column":13}},"type":"if","locations":[{"start":{"line":42,"column":12},"end":{"line":45,"column":13}},{"start":{},"end":{}}],"line":42},"2":{"loc":{"start":{"line":72,"column":15},"end":{"line":72,"column":47}},"type":"binary-expr","locations":[{"start":{"line":72,"column":15},"end":{"line":72,"column":28}},{"start":{"line":72,"column":32},"end":{"line":72,"column":47}}],"line":72},"3":{"loc":{"start":{"line":76,"column":8},"end":{"line":83,"column":9}},"type":"if","locations":[{"start":{"line":76,"column":8},"end":{"line":83,"column":9}},{"start":{},"end":{}}],"line":76},"4":{"loc":{"start":{"line":76,"column":12},"end":{"line":76,"column":127}},"type":"binary-expr","locations":[{"start":{"line":76,"column":12},"end":{"line":76,"column":36}},{"start":{"line":76,"column":40},"end":{"line":76,"column":65}},{"start":{"line":76,"column":69},"end":{"line":76,"column":96}},{"start":{"line":76,"column":100},"end":{"line":76,"column":127}}],"line":76},"5":{"loc":{"start":{"line":90,"column":27},"end":{"line":90,"column":56}},"type":"cond-expr","locations":[{"start":{"line":90,"column":39},"end":{"line":90,"column":49}},{"start":{"line":90,"column":52},"end":{"line":90,"column":56}}],"line":90},"6":{"loc":{"start":{"line":91,"column":28},"end":{"line":91,"column":47}},"type":"cond-expr","locations":[{"start":{"line":91,"column":39},"end":{"line":91,"column":41}},{"start":{"line":91,"column":44},"end":{"line":91,"column":47}}],"line":91},"7":{"loc":{"start":{"line":94,"column":27},"end":{"line":94,"column":59}},"type":"cond-expr","locations":[{"start":{"line":94,"column":40},"end":{"line":94,"column":51}},{"start":{"line":94,"column":54},"end":{"line":94,"column":59}}],"line":94},"8":{"loc":{"start":{"line":95,"column":29},"end":{"line":95,"column":49}},"type":"cond-expr","locations":[{"start":{"line":95,"column":41},"end":{"line":95,"column":43}},{"start":{"line":95,"column":46},"end":{"line":95,"column":49}}],"line":95},"9":{"loc":{"start":{"line":98,"column":27},"end":{"line":98,"column":65}},"type":"cond-expr","locations":[{"start":{"line":98,"column":42},"end":{"line":98,"column":55}},{"start":{"line":98,"column":58},"end":{"line":98,"column":65}}],"line":98},"10":{"loc":{"start":{"line":99,"column":30},"end":{"line":99,"column":52}},"type":"cond-expr","locations":[{"start":{"line":99,"column":44},"end":{"line":99,"column":46}},{"start":{"line":99,"column":49},"end":{"line":99,"column":52}}],"line":99},"11":{"loc":{"start":{"line":102,"column":27},"end":{"line":102,"column":65}},"type":"cond-expr","locations":[{"start":{"line":102,"column":42},"end":{"line":102,"column":55}},{"start":{"line":102,"column":58},"end":{"line":102,"column":65}}],"line":102},"12":{"loc":{"start":{"line":103,"column":31},"end":{"line":103,"column":53}},"type":"cond-expr","locations":[{"start":{"line":103,"column":45},"end":{"line":103,"column":47}},{"start":{"line":103,"column":50},"end":{"line":103,"column":53}}],"line":103}},"s":{"0":1,"1":3,"2":3,"3":3,"4":3,"5":3,"6":3,"7":3,"8":0,"9":0,"10":0,"11":0,"12":0,"13":0,"14":0,"15":0,"16":0,"17":0,"18":0,"19":0,"20":3,"21":3,"22":3,"23":0,"24":0,"25":3,"26":0,"27":3,"28":0,"29":3,"30":0,"31":0,"32":3,"33":0,"34":3,"35":3,"36":0,"37":3,"38":3,"39":0,"40":3},"f":{"0":3,"1":3,"2":0,"3":3,"4":0,"5":0,"6":0,"7":0,"8":0,"9":3,"10":0},"b":{"0":[0,0],"1":[0,0],"2":[0,0],"3":[0,3],"4":[3,0,0,0],"5":[3,0],"6":[3,0],"7":[3,0],"8":[3,0],"9":[3,0],"10":[3,0],"11":[3,0],"12":[3,0]},"_coverageSchema":"1a1c01bbd47fc00a2c39e90264f33305004495a9","hash":"b5297b6734738bc1e6d8a6c055f31eb5a37cfb39"}
}
