TN:
SF:src\Countdown.jsx
FN:13,(anonymous_0)
FN:25,(anonymous_1)
FN:26,(anonymous_2)
FN:48,(anonymous_3)
FN:53,(anonymous_4)
FN:58,(anonymous_5)
FN:62,(anonymous_6)
FN:66,(anonymous_7)
FN:71,(anonymous_8)
FN:75,(anonymous_9)
FN:119,(anonymous_10)
FNF:11
FNH:4
FNDA:3,(anonymous_0)
FNDA:3,(anonymous_1)
FNDA:0,(anonymous_2)
FNDA:3,(anonymous_3)
FNDA:0,(anonymous_4)
FNDA:0,(anonymous_5)
FNDA:0,(anonymous_6)
FNDA:0,(anonymous_7)
FNDA:0,(anonymous_8)
FNDA:3,(anonymous_9)
FNDA:0,(anonymous_10)
DA:13,1
DA:14,3
DA:20,3
DA:21,3
DA:22,3
DA:23,3
DA:25,3
DA:26,3
DA:27,0
DA:28,0
DA:31,0
DA:32,0
DA:33,0
DA:34,0
DA:35,0
DA:37,0
DA:40,0
DA:42,0
DA:43,0
DA:44,0
DA:48,3
DA:49,3
DA:53,3
DA:54,0
DA:55,0
DA:58,3
DA:59,0
DA:62,3
DA:63,0
DA:66,3
DA:67,0
DA:68,0
DA:71,3
DA:72,0
DA:75,3
DA:76,3
DA:77,0
DA:85,3
DA:87,3
DA:119,0
DA:139,3
LF:41
LH:20
BRDA:31,0,0,0
BRDA:31,0,1,0
BRDA:42,1,0,0
BRDA:42,1,1,0
BRDA:72,2,0,0
BRDA:72,2,1,0
BRDA:76,3,0,0
BRDA:76,3,1,3
BRDA:76,4,0,3
BRDA:76,4,1,0
BRDA:76,4,2,0
BRDA:76,4,3,0
BRDA:90,5,0,3
BRDA:90,5,1,0
BRDA:91,6,0,3
BRDA:91,6,1,0
BRDA:94,7,0,3
BRDA:94,7,1,0
BRDA:95,8,0,3
BRDA:95,8,1,0
BRDA:98,9,0,3
BRDA:98,9,1,0
BRDA:99,10,0,3
BRDA:99,10,1,0
BRDA:102,11,0,3
BRDA:102,11,1,0
BRDA:103,12,0,3
BRDA:103,12,1,0
BRF:28
BRH:10
end_of_record
